{"C:\\Users\\axelcliffson\\Documents\\personal_projects\\poller\\poller-backend\\server\\apiserver.js":{"path":"C:\\Users\\axelcliffson\\Documents\\personal_projects\\poller\\poller-backend\\server\\apiserver.js","statementMap":{"0":{"start":{"line":1,"column":16},"end":{"line":1,"column":34}},"1":{"start":{"line":2,"column":12},"end":{"line":2,"column":21}},"2":{"start":{"line":3,"column":11},"end":{"line":3,"column":24}},"3":{"start":{"line":4,"column":12},"end":{"line":4,"column":34}},"4":{"start":{"line":5,"column":17},"end":{"line":5,"column":45}},"5":{"start":{"line":6,"column":16},"end":{"line":6,"column":35}},"6":{"start":{"line":7,"column":13},"end":{"line":7,"column":28}},"7":{"start":{"line":8,"column":15},"end":{"line":8,"column":32}},"8":{"start":{"line":9,"column":19},"end":{"line":9,"column":41}},"9":{"start":{"line":10,"column":21},"end":{"line":10,"column":45}},"10":{"start":{"line":12,"column":0},"end":{"line":12,"column":27}},"11":{"start":{"line":14,"column":0},"end":{"line":16,"column":1}},"12":{"start":{"line":15,"column":2},"end":{"line":15,"column":80}},"13":{"start":{"line":19,"column":0},"end":{"line":19,"column":23}},"14":{"start":{"line":20,"column":0},"end":{"line":20,"column":16}},"15":{"start":{"line":21,"column":0},"end":{"line":21,"column":27}},"16":{"start":{"line":22,"column":0},"end":{"line":22,"column":51}},"17":{"start":{"line":24,"column":17},"end":{"line":37,"column":2}},"18":{"start":{"line":39,"column":20},"end":{"line":39,"column":47}},"19":{"start":{"line":42,"column":15},"end":{"line":49,"column":2}},"20":{"start":{"line":51,"column":0},"end":{"line":55,"column":3}},"21":{"start":{"line":52,"column":2},"end":{"line":54,"column":5}},"22":{"start":{"line":56,"column":0},"end":{"line":61,"column":3}},"23":{"start":{"line":57,"column":2},"end":{"line":57,"column":38}},"24":{"start":{"line":58,"column":2},"end":{"line":60,"column":5}},"25":{"start":{"line":63,"column":0},"end":{"line":68,"column":3}},"26":{"start":{"line":64,"column":2},"end":{"line":64,"column":38}},"27":{"start":{"line":65,"column":2},"end":{"line":67,"column":5}},"28":{"start":{"line":70,"column":0},"end":{"line":74,"column":3}},"29":{"start":{"line":71,"column":2},"end":{"line":73,"column":5}},"30":{"start":{"line":77,"column":0},"end":{"line":77,"column":66}},"31":{"start":{"line":79,"column":0},"end":{"line":82,"column":3}},"32":{"start":{"line":80,"column":2},"end":{"line":80,"column":27}},"33":{"start":{"line":81,"column":2},"end":{"line":81,"column":63}},"34":{"start":{"line":84,"column":0},"end":{"line":88,"column":3}},"35":{"start":{"line":85,"column":14},"end":{"line":85,"column":36}},"36":{"start":{"line":86,"column":2},"end":{"line":86,"column":19}},"37":{"start":{"line":87,"column":2},"end":{"line":87,"column":12}},"38":{"start":{"line":102,"column":14},"end":{"line":105,"column":1}},"39":{"start":{"line":107,"column":15},"end":{"line":107,"column":17}},"40":{"start":{"line":109,"column":0},"end":{"line":125,"column":2}},"41":{"start":{"line":111,"column":2},"end":{"line":124,"column":5}},"42":{"start":{"line":113,"column":4},"end":{"line":113,"column":77}},"43":{"start":{"line":113,"column":20},"end":{"line":113,"column":77}},"44":{"start":{"line":114,"column":4},"end":{"line":114,"column":22}},"45":{"start":{"line":116,"column":4},"end":{"line":123,"column":7}},"46":{"start":{"line":117,"column":6},"end":{"line":120,"column":9}},"47":{"start":{"line":118,"column":8},"end":{"line":118,"column":55}},"48":{"start":{"line":119,"column":8},"end":{"line":119,"column":18}},"49":{"start":{"line":122,"column":6},"end":{"line":122,"column":48}},"50":{"start":{"line":127,"column":0},"end":{"line":139,"column":2}},"51":{"start":{"line":128,"column":2},"end":{"line":138,"column":5}},"52":{"start":{"line":129,"column":4},"end":{"line":129,"column":79}},"53":{"start":{"line":129,"column":21},"end":{"line":129,"column":79}},"54":{"start":{"line":130,"column":4},"end":{"line":137,"column":21}},"55":{"start":{"line":131,"column":6},"end":{"line":136,"column":9}},"56":{"start":{"line":132,"column":8},"end":{"line":132,"column":39}},"57":{"start":{"line":133,"column":8},"end":{"line":133,"column":27}},"58":{"start":{"line":134,"column":8},"end":{"line":134,"column":26}},"59":{"start":{"line":135,"column":8},"end":{"line":135,"column":18}},"60":{"start":{"line":141,"column":0},"end":{"line":141,"column":24}}},"fnMap":{"0":{"name":"(anonymous_0)","decl":{"start":{"line":51,"column":13},"end":{"line":51,"column":14}},"loc":{"start":{"line":51,"column":33},"end":{"line":55,"column":1}},"line":51},"1":{"name":"(anonymous_1)","decl":{"start":{"line":56,"column":23},"end":{"line":56,"column":24}},"loc":{"start":{"line":56,"column":43},"end":{"line":61,"column":1}},"line":56},"2":{"name":"(anonymous_2)","decl":{"start":{"line":63,"column":34},"end":{"line":63,"column":35}},"loc":{"start":{"line":63,"column":54},"end":{"line":68,"column":1}},"line":63},"3":{"name":"(anonymous_3)","decl":{"start":{"line":70,"column":54},"end":{"line":70,"column":55}},"loc":{"start":{"line":70,"column":74},"end":{"line":74,"column":1}},"line":70},"4":{"name":"(anonymous_4)","decl":{"start":{"line":79,"column":8},"end":{"line":79,"column":9}},"loc":{"start":{"line":79,"column":39},"end":{"line":82,"column":1}},"line":79},"5":{"name":"(anonymous_5)","decl":{"start":{"line":84,"column":8},"end":{"line":84,"column":9}},"loc":{"start":{"line":84,"column":34},"end":{"line":88,"column":1}},"line":84},"6":{"name":"(anonymous_6)","decl":{"start":{"line":109,"column":15},"end":{"line":109,"column":16}},"loc":{"start":{"line":109,"column":21},"end":{"line":125,"column":1}},"line":109},"7":{"name":"(anonymous_7)","decl":{"start":{"line":111,"column":21},"end":{"line":111,"column":22}},"loc":{"start":{"line":111,"column":42},"end":{"line":124,"column":3}},"line":111},"8":{"name":"(anonymous_8)","decl":{"start":{"line":116,"column":33},"end":{"line":116,"column":34}},"loc":{"start":{"line":116,"column":39},"end":{"line":121,"column":5}},"line":116},"9":{"name":"(anonymous_9)","decl":{"start":{"line":117,"column":48},"end":{"line":117,"column":49}},"loc":{"start":{"line":117,"column":54},"end":{"line":120,"column":7}},"line":117},"10":{"name":"(anonymous_10)","decl":{"start":{"line":121,"column":13},"end":{"line":121,"column":14}},"loc":{"start":{"line":121,"column":22},"end":{"line":123,"column":5}},"line":121},"11":{"name":"(anonymous_11)","decl":{"start":{"line":127,"column":14},"end":{"line":127,"column":15}},"loc":{"start":{"line":127,"column":20},"end":{"line":139,"column":1}},"line":127},"12":{"name":"(anonymous_12)","decl":{"start":{"line":128,"column":21},"end":{"line":128,"column":22}},"loc":{"start":{"line":128,"column":42},"end":{"line":138,"column":3}},"line":128},"13":{"name":"(anonymous_13)","decl":{"start":{"line":130,"column":29},"end":{"line":130,"column":30}},"loc":{"start":{"line":130,"column":35},"end":{"line":137,"column":5}},"line":130},"14":{"name":"(anonymous_14)","decl":{"start":{"line":131,"column":23},"end":{"line":131,"column":24}},"loc":{"start":{"line":131,"column":29},"end":{"line":136,"column":7}},"line":131}},"branchMap":{"0":{"loc":{"start":{"line":14,"column":0},"end":{"line":16,"column":1}},"type":"if","locations":[{"start":{"line":14,"column":0},"end":{"line":16,"column":1}},{"start":{"line":14,"column":0},"end":{"line":16,"column":1}}],"line":14},"1":{"loc":{"start":{"line":14,"column":4},"end":{"line":14,"column":60}},"type":"binary-expr","locations":[{"start":{"line":14,"column":4},"end":{"line":14,"column":29}},{"start":{"line":14,"column":33},"end":{"line":14,"column":60}}],"line":14},"2":{"loc":{"start":{"line":113,"column":4},"end":{"line":113,"column":77}},"type":"if","locations":[{"start":{"line":113,"column":4},"end":{"line":113,"column":77}},{"start":{"line":113,"column":4},"end":{"line":113,"column":77}}],"line":113},"3":{"loc":{"start":{"line":129,"column":4},"end":{"line":129,"column":79}},"type":"if","locations":[{"start":{"line":129,"column":4},"end":{"line":129,"column":79}},{"start":{"line":129,"column":4},"end":{"line":129,"column":79}}],"line":129}},"s":{"0":1,"1":1,"2":1,"3":1,"4":1,"5":1,"6":1,"7":1,"8":1,"9":1,"10":1,"11":1,"12":0,"13":1,"14":1,"15":1,"16":1,"17":1,"18":1,"19":1,"20":1,"21":0,"22":1,"23":0,"24":0,"25":1,"26":0,"27":0,"28":1,"29":0,"30":1,"31":1,"32":0,"33":0,"34":1,"35":0,"36":0,"37":0,"38":1,"39":1,"40":1,"41":1,"42":1,"43":0,"44":1,"45":1,"46":1,"47":1,"48":1,"49":0,"50":1,"51":1,"52":1,"53":0,"54":1,"55":1,"56":1,"57":1,"58":1,"59":1,"60":1},"f":{"0":0,"1":0,"2":0,"3":0,"4":0,"5":0,"6":1,"7":1,"8":1,"9":1,"10":0,"11":1,"12":1,"13":1,"14":1},"b":{"0":[0,1],"1":[1,1],"2":[0,1],"3":[0,1]},"_coverageSchema":"332fd63041d2c1bcb487cc26dd0d5f7d97098a6c","hash":"b14cfac7abb52b131b8e1743e4b284c4d0545d6c","contentHash":"32c5792b1c233b456a6ea4965d5d526d_11.6.0"},"C:\\Users\\axelcliffson\\Documents\\personal_projects\\poller\\poller-backend\\routes-api\\profile-routes.js":{"path":"C:\\Users\\axelcliffson\\Documents\\personal_projects\\poller\\poller-backend\\routes-api\\profile-routes.js","statementMap":{"0":{"start":{"line":1,"column":12},"end":{"line":12,"column":1}},"1":{"start":{"line":14,"column":19},"end":{"line":14,"column":40}},"2":{"start":{"line":15,"column":15},"end":{"line":15,"column":32}},"3":{"start":{"line":16,"column":16},"end":{"line":16,"column":49}},"4":{"start":{"line":21,"column":0},"end":{"line":108,"column":2}},"5":{"start":{"line":23,"column":2},"end":{"line":53,"column":5}},"6":{"start":{"line":24,"column":4},"end":{"line":24,"column":81}},"7":{"start":{"line":27,"column":4},"end":{"line":52,"column":5}},"8":{"start":{"line":28,"column":6},"end":{"line":28,"column":61}},"9":{"start":{"line":30,"column":18},"end":{"line":30,"column":43}},"10":{"start":{"line":34,"column":6},"end":{"line":51,"column":40}},"11":{"start":{"line":35,"column":8},"end":{"line":50,"column":9}},"12":{"start":{"line":36,"column":10},"end":{"line":44,"column":13}},"13":{"start":{"line":37,"column":12},"end":{"line":37,"column":49}},"14":{"start":{"line":37,"column":21},"end":{"line":37,"column":49}},"15":{"start":{"line":38,"column":12},"end":{"line":43,"column":13}},"16":{"start":{"line":39,"column":14},"end":{"line":39,"column":90}},"17":{"start":{"line":40,"column":14},"end":{"line":40,"column":140}},"18":{"start":{"line":40,"column":80},"end":{"line":40,"column":107}},"19":{"start":{"line":40,"column":122},"end":{"line":40,"column":138}},"20":{"start":{"line":42,"column":14},"end":{"line":42,"column":86}},"21":{"start":{"line":46,"column":10},"end":{"line":46,"column":71}},"22":{"start":{"line":48,"column":10},"end":{"line":48,"column":36}},"23":{"start":{"line":49,"column":10},"end":{"line":49,"column":38}},"24":{"start":{"line":51,"column":22},"end":{"line":51,"column":38}},"25":{"start":{"line":55,"column":2},"end":{"line":67,"column":5}},"26":{"start":{"line":56,"column":4},"end":{"line":56,"column":55}},"27":{"start":{"line":57,"column":4},"end":{"line":66,"column":7}},"28":{"start":{"line":58,"column":6},"end":{"line":58,"column":43}},"29":{"start":{"line":58,"column":15},"end":{"line":58,"column":43}},"30":{"start":{"line":59,"column":6},"end":{"line":65,"column":7}},"31":{"start":{"line":60,"column":19},"end":{"line":60,"column":34}},"32":{"start":{"line":61,"column":8},"end":{"line":61,"column":84}},"33":{"start":{"line":62,"column":8},"end":{"line":62,"column":33}},"34":{"start":{"line":64,"column":8},"end":{"line":64,"column":80}},"35":{"start":{"line":69,"column":2},"end":{"line":92,"column":5}},"36":{"start":{"line":70,"column":14},"end":{"line":70,"column":26}},"37":{"start":{"line":71,"column":30},"end":{"line":71,"column":38}},"38":{"start":{"line":72,"column":22},"end":{"line":72,"column":70}},"39":{"start":{"line":74,"column":4},"end":{"line":91,"column":7}},"40":{"start":{"line":83,"column":6},"end":{"line":90,"column":7}},"41":{"start":{"line":84,"column":8},"end":{"line":84,"column":92}},"42":{"start":{"line":85,"column":19},"end":{"line":85,"column":34}},"43":{"start":{"line":86,"column":8},"end":{"line":86,"column":33}},"44":{"start":{"line":88,"column":8},"end":{"line":88,"column":25}},"45":{"start":{"line":89,"column":8},"end":{"line":89,"column":80}},"46":{"start":{"line":94,"column":2},"end":{"line":107,"column":5}},"47":{"start":{"line":95,"column":14},"end":{"line":95,"column":26}},"48":{"start":{"line":96,"column":4},"end":{"line":106,"column":7}},"49":{"start":{"line":99,"column":6},"end":{"line":105,"column":7}},"50":{"start":{"line":100,"column":8},"end":{"line":100,"column":106}},"51":{"start":{"line":101,"column":8},"end":{"line":101,"column":51}},"52":{"start":{"line":103,"column":8},"end":{"line":103,"column":25}},"53":{"start":{"line":104,"column":8},"end":{"line":104,"column":80}}},"fnMap":{"0":{"name":"(anonymous_0)","decl":{"start":{"line":21,"column":17},"end":{"line":21,"column":18}},"loc":{"start":{"line":21,"column":44},"end":{"line":108,"column":1}},"line":21},"1":{"name":"(anonymous_1)","decl":{"start":{"line":23,"column":23},"end":{"line":23,"column":24}},"loc":{"start":{"line":23,"column":37},"end":{"line":53,"column":3}},"line":23},"2":{"name":"(anonymous_2)","decl":{"start":{"line":34,"column":34},"end":{"line":34,"column":35}},"loc":{"start":{"line":34,"column":42},"end":{"line":51,"column":7}},"line":34},"3":{"name":"(anonymous_3)","decl":{"start":{"line":36,"column":79},"end":{"line":36,"column":80}},"loc":{"start":{"line":36,"column":103},"end":{"line":44,"column":11}},"line":36},"4":{"name":"(anonymous_4)","decl":{"start":{"line":40,"column":72},"end":{"line":40,"column":73}},"loc":{"start":{"line":40,"column":80},"end":{"line":40,"column":107}},"line":40},"5":{"name":"(anonymous_5)","decl":{"start":{"line":40,"column":115},"end":{"line":40,"column":116}},"loc":{"start":{"line":40,"column":122},"end":{"line":40,"column":138}},"line":40},"6":{"name":"(anonymous_6)","decl":{"start":{"line":51,"column":15},"end":{"line":51,"column":16}},"loc":{"start":{"line":51,"column":22},"end":{"line":51,"column":38}},"line":51},"7":{"name":"(anonymous_7)","decl":{"start":{"line":55,"column":34},"end":{"line":55,"column":35}},"loc":{"start":{"line":55,"column":54},"end":{"line":67,"column":3}},"line":55},"8":{"name":"(anonymous_8)","decl":{"start":{"line":57,"column":74},"end":{"line":57,"column":75}},"loc":{"start":{"line":57,"column":98},"end":{"line":66,"column":5}},"line":57},"9":{"name":"(anonymous_9)","decl":{"start":{"line":69,"column":33},"end":{"line":69,"column":34}},"loc":{"start":{"line":69,"column":47},"end":{"line":92,"column":3}},"line":69},"10":{"name":"(anonymous_10)","decl":{"start":{"line":81,"column":201},"end":{"line":81,"column":202}},"loc":{"start":{"line":81,"column":225},"end":{"line":91,"column":5}},"line":81},"11":{"name":"(anonymous_11)","decl":{"start":{"line":94,"column":36},"end":{"line":94,"column":37}},"loc":{"start":{"line":94,"column":50},"end":{"line":107,"column":3}},"line":94},"12":{"name":"(anonymous_12)","decl":{"start":{"line":97,"column":28},"end":{"line":97,"column":29}},"loc":{"start":{"line":97,"column":52},"end":{"line":106,"column":5}},"line":97}},"branchMap":{"0":{"loc":{"start":{"line":4,"column":22},"end":{"line":4,"column":88}},"type":"binary-expr","locations":[{"start":{"line":4,"column":22},"end":{"line":4,"column":52}},{"start":{"line":4,"column":56},"end":{"line":4,"column":88}}],"line":4},"1":{"loc":{"start":{"line":27,"column":4},"end":{"line":52,"column":5}},"type":"if","locations":[{"start":{"line":27,"column":4},"end":{"line":52,"column":5}},{"start":{"line":27,"column":4},"end":{"line":52,"column":5}}],"line":27},"2":{"loc":{"start":{"line":35,"column":8},"end":{"line":50,"column":9}},"type":"if","locations":[{"start":{"line":35,"column":8},"end":{"line":50,"column":9}},{"start":{"line":35,"column":8},"end":{"line":50,"column":9}}],"line":35},"3":{"loc":{"start":{"line":37,"column":12},"end":{"line":37,"column":49}},"type":"if","locations":[{"start":{"line":37,"column":12},"end":{"line":37,"column":49}},{"start":{"line":37,"column":12},"end":{"line":37,"column":49}}],"line":37},"4":{"loc":{"start":{"line":38,"column":12},"end":{"line":43,"column":13}},"type":"if","locations":[{"start":{"line":38,"column":12},"end":{"line":43,"column":13}},{"start":{"line":38,"column":12},"end":{"line":43,"column":13}}],"line":38},"5":{"loc":{"start":{"line":58,"column":6},"end":{"line":58,"column":43}},"type":"if","locations":[{"start":{"line":58,"column":6},"end":{"line":58,"column":43}},{"start":{"line":58,"column":6},"end":{"line":58,"column":43}}],"line":58},"6":{"loc":{"start":{"line":59,"column":6},"end":{"line":65,"column":7}},"type":"if","locations":[{"start":{"line":59,"column":6},"end":{"line":65,"column":7}},{"start":{"line":59,"column":6},"end":{"line":65,"column":7}}],"line":59},"7":{"loc":{"start":{"line":83,"column":6},"end":{"line":90,"column":7}},"type":"if","locations":[{"start":{"line":83,"column":6},"end":{"line":90,"column":7}},{"start":{"line":83,"column":6},"end":{"line":90,"column":7}}],"line":83},"8":{"loc":{"start":{"line":99,"column":6},"end":{"line":105,"column":7}},"type":"if","locations":[{"start":{"line":99,"column":6},"end":{"line":105,"column":7}},{"start":{"line":99,"column":6},"end":{"line":105,"column":7}}],"line":99}},"s":{"0":1,"1":1,"2":1,"3":1,"4":1,"5":1,"6":0,"7":0,"8":0,"9":0,"10":0,"11":0,"12":0,"13":0,"14":0,"15":0,"16":0,"17":0,"18":0,"19":0,"20":0,"21":0,"22":0,"23":0,"24":0,"25":1,"26":0,"27":0,"28":0,"29":0,"30":0,"31":0,"32":0,"33":0,"34":0,"35":1,"36":0,"37":0,"38":0,"39":0,"40":0,"41":0,"42":0,"43":0,"44":0,"45":0,"46":1,"47":0,"48":0,"49":0,"50":0,"51":0,"52":0,"53":0},"f":{"0":1,"1":0,"2":0,"3":0,"4":0,"5":0,"6":0,"7":0,"8":0,"9":0,"10":0,"11":0,"12":0},"b":{"0":[1,0],"1":[0,0],"2":[0,0],"3":[0,0],"4":[0,0],"5":[0,0],"6":[0,0],"7":[0,0],"8":[0,0]},"_coverageSchema":"332fd63041d2c1bcb487cc26dd0d5f7d97098a6c","hash":"8151efb07bb67334557b860adf9caeb8f42ce2f2","contentHash":"0356e9cfc6a9f0e3c1b8e2109adbc692_11.6.0"},"C:\\Users\\axelcliffson\\Documents\\personal_projects\\poller\\poller-backend\\lib\\profile-methods.js":{"path":"C:\\Users\\axelcliffson\\Documents\\personal_projects\\poller\\poller-backend\\lib\\profile-methods.js","statementMap":{"0":{"start":{"line":1,"column":15},"end":{"line":1,"column":32}},"1":{"start":{"line":2,"column":19},"end":{"line":2,"column":40}},"2":{"start":{"line":4,"column":16},"end":{"line":4,"column":18}},"3":{"start":{"line":6,"column":0},"end":{"line":15,"column":2}},"4":{"start":{"line":7,"column":76},"end":{"line":7,"column":91}},"5":{"start":{"line":8,"column":16},"end":{"line":8,"column":91}},"6":{"start":{"line":9,"column":2},"end":{"line":13,"column":3}},"7":{"start":{"line":10,"column":4},"end":{"line":12,"column":5}},"8":{"start":{"line":11,"column":6},"end":{"line":11,"column":24}},"9":{"start":{"line":14,"column":2},"end":{"line":14,"column":17}},"10":{"start":{"line":17,"column":0},"end":{"line":21,"column":2}},"11":{"start":{"line":18,"column":2},"end":{"line":20,"column":52}},"12":{"start":{"line":19,"column":4},"end":{"line":19,"column":25}},"13":{"start":{"line":20,"column":18},"end":{"line":20,"column":50}},"14":{"start":{"line":23,"column":0},"end":{"line":36,"column":2}},"15":{"start":{"line":24,"column":2},"end":{"line":35,"column":5}},"16":{"start":{"line":25,"column":4},"end":{"line":32,"column":5}},"17":{"start":{"line":26,"column":20},"end":{"line":26,"column":40}},"18":{"start":{"line":29,"column":6},"end":{"line":29,"column":21}},"19":{"start":{"line":31,"column":6},"end":{"line":31,"column":72}},"20":{"start":{"line":34,"column":4},"end":{"line":34,"column":70}},"21":{"start":{"line":38,"column":0},"end":{"line":38,"column":25}}},"fnMap":{"0":{"name":"(anonymous_0)","decl":{"start":{"line":6,"column":30},"end":{"line":6,"column":31}},"loc":{"start":{"line":6,"column":57},"end":{"line":15,"column":1}},"line":6},"1":{"name":"(anonymous_1)","decl":{"start":{"line":17,"column":18},"end":{"line":17,"column":19}},"loc":{"start":{"line":17,"column":35},"end":{"line":21,"column":1}},"line":17},"2":{"name":"(anonymous_2)","decl":{"start":{"line":18,"column":179},"end":{"line":18,"column":180}},"loc":{"start":{"line":18,"column":191},"end":{"line":20,"column":3}},"line":18},"3":{"name":"(anonymous_3)","decl":{"start":{"line":20,"column":11},"end":{"line":20,"column":12}},"loc":{"start":{"line":20,"column":18},"end":{"line":20,"column":50}},"line":20},"4":{"name":"(anonymous_4)","decl":{"start":{"line":23,"column":17},"end":{"line":23,"column":18}},"loc":{"start":{"line":23,"column":45},"end":{"line":36,"column":1}},"line":23},"5":{"name":"(anonymous_5)","decl":{"start":{"line":24,"column":368},"end":{"line":24,"column":369}},"loc":{"start":{"line":24,"column":375},"end":{"line":33,"column":3}},"line":24},"6":{"name":"(anonymous_6)","decl":{"start":{"line":33,"column":11},"end":{"line":33,"column":12}},"loc":{"start":{"line":33,"column":18},"end":{"line":35,"column":3}},"line":33}},"branchMap":{"0":{"loc":{"start":{"line":10,"column":4},"end":{"line":12,"column":5}},"type":"if","locations":[{"start":{"line":10,"column":4},"end":{"line":12,"column":5}},{"start":{"line":10,"column":4},"end":{"line":12,"column":5}}],"line":10}},"s":{"0":1,"1":1,"2":1,"3":1,"4":0,"5":0,"6":0,"7":0,"8":0,"9":0,"10":1,"11":0,"12":0,"13":0,"14":1,"15":0,"16":0,"17":0,"18":0,"19":0,"20":0,"21":1},"f":{"0":0,"1":0,"2":0,"3":0,"4":0,"5":0,"6":0},"b":{"0":[0,0]},"_coverageSchema":"332fd63041d2c1bcb487cc26dd0d5f7d97098a6c","hash":"9dbdc1f606eebe8b23c8749729e83a8fe6e7c94e","contentHash":"d0fc0b29b6bdbe26bf0670e2d324fe5c_11.6.0"}}