{"C:\\Users\\axelcliffson\\Documents\\personal_projects\\poller\\poller-backend\\server\\apiserver.js":{"path":"C:\\Users\\axelcliffson\\Documents\\personal_projects\\poller\\poller-backend\\server\\apiserver.js","statementMap":{"0":{"start":{"line":1,"column":16},"end":{"line":1,"column":34}},"1":{"start":{"line":2,"column":12},"end":{"line":2,"column":21}},"2":{"start":{"line":3,"column":11},"end":{"line":3,"column":24}},"3":{"start":{"line":4,"column":12},"end":{"line":4,"column":34}},"4":{"start":{"line":5,"column":17},"end":{"line":5,"column":45}},"5":{"start":{"line":6,"column":16},"end":{"line":6,"column":35}},"6":{"start":{"line":7,"column":13},"end":{"line":7,"column":28}},"7":{"start":{"line":8,"column":15},"end":{"line":8,"column":32}},"8":{"start":{"line":9,"column":19},"end":{"line":9,"column":41}},"9":{"start":{"line":10,"column":21},"end":{"line":10,"column":45}},"10":{"start":{"line":12,"column":0},"end":{"line":12,"column":27}},"11":{"start":{"line":14,"column":0},"end":{"line":16,"column":1}},"12":{"start":{"line":15,"column":2},"end":{"line":15,"column":80}},"13":{"start":{"line":19,"column":0},"end":{"line":19,"column":23}},"14":{"start":{"line":20,"column":0},"end":{"line":20,"column":16}},"15":{"start":{"line":21,"column":0},"end":{"line":21,"column":27}},"16":{"start":{"line":22,"column":0},"end":{"line":22,"column":51}},"17":{"start":{"line":24,"column":17},"end":{"line":37,"column":2}},"18":{"start":{"line":39,"column":20},"end":{"line":39,"column":47}},"19":{"start":{"line":42,"column":15},"end":{"line":49,"column":2}},"20":{"start":{"line":51,"column":0},"end":{"line":55,"column":3}},"21":{"start":{"line":52,"column":2},"end":{"line":54,"column":5}},"22":{"start":{"line":56,"column":0},"end":{"line":61,"column":3}},"23":{"start":{"line":57,"column":2},"end":{"line":57,"column":38}},"24":{"start":{"line":58,"column":2},"end":{"line":60,"column":5}},"25":{"start":{"line":63,"column":0},"end":{"line":68,"column":3}},"26":{"start":{"line":64,"column":2},"end":{"line":64,"column":38}},"27":{"start":{"line":65,"column":2},"end":{"line":67,"column":5}},"28":{"start":{"line":70,"column":0},"end":{"line":74,"column":3}},"29":{"start":{"line":71,"column":2},"end":{"line":73,"column":5}},"30":{"start":{"line":77,"column":0},"end":{"line":77,"column":66}},"31":{"start":{"line":78,"column":0},"end":{"line":78,"column":63}},"32":{"start":{"line":80,"column":0},"end":{"line":83,"column":3}},"33":{"start":{"line":81,"column":2},"end":{"line":81,"column":27}},"34":{"start":{"line":82,"column":2},"end":{"line":82,"column":63}},"35":{"start":{"line":85,"column":0},"end":{"line":89,"column":3}},"36":{"start":{"line":86,"column":14},"end":{"line":86,"column":36}},"37":{"start":{"line":87,"column":2},"end":{"line":87,"column":19}},"38":{"start":{"line":88,"column":2},"end":{"line":88,"column":12}},"39":{"start":{"line":91,"column":14},"end":{"line":94,"column":1}},"40":{"start":{"line":96,"column":15},"end":{"line":96,"column":17}},"41":{"start":{"line":98,"column":0},"end":{"line":114,"column":2}},"42":{"start":{"line":100,"column":2},"end":{"line":113,"column":5}},"43":{"start":{"line":102,"column":4},"end":{"line":102,"column":77}},"44":{"start":{"line":102,"column":20},"end":{"line":102,"column":77}},"45":{"start":{"line":103,"column":4},"end":{"line":103,"column":22}},"46":{"start":{"line":105,"column":4},"end":{"line":112,"column":7}},"47":{"start":{"line":106,"column":6},"end":{"line":109,"column":9}},"48":{"start":{"line":107,"column":8},"end":{"line":107,"column":55}},"49":{"start":{"line":108,"column":8},"end":{"line":108,"column":18}},"50":{"start":{"line":111,"column":6},"end":{"line":111,"column":48}},"51":{"start":{"line":116,"column":0},"end":{"line":128,"column":2}},"52":{"start":{"line":117,"column":2},"end":{"line":127,"column":5}},"53":{"start":{"line":118,"column":4},"end":{"line":118,"column":79}},"54":{"start":{"line":118,"column":21},"end":{"line":118,"column":79}},"55":{"start":{"line":119,"column":4},"end":{"line":126,"column":21}},"56":{"start":{"line":120,"column":6},"end":{"line":125,"column":9}},"57":{"start":{"line":121,"column":8},"end":{"line":121,"column":39}},"58":{"start":{"line":122,"column":8},"end":{"line":122,"column":27}},"59":{"start":{"line":123,"column":8},"end":{"line":123,"column":26}},"60":{"start":{"line":124,"column":8},"end":{"line":124,"column":18}},"61":{"start":{"line":130,"column":0},"end":{"line":130,"column":24}}},"fnMap":{"0":{"name":"(anonymous_0)","decl":{"start":{"line":51,"column":13},"end":{"line":51,"column":14}},"loc":{"start":{"line":51,"column":33},"end":{"line":55,"column":1}},"line":51},"1":{"name":"(anonymous_1)","decl":{"start":{"line":56,"column":23},"end":{"line":56,"column":24}},"loc":{"start":{"line":56,"column":43},"end":{"line":61,"column":1}},"line":56},"2":{"name":"(anonymous_2)","decl":{"start":{"line":63,"column":34},"end":{"line":63,"column":35}},"loc":{"start":{"line":63,"column":54},"end":{"line":68,"column":1}},"line":63},"3":{"name":"(anonymous_3)","decl":{"start":{"line":70,"column":54},"end":{"line":70,"column":55}},"loc":{"start":{"line":70,"column":74},"end":{"line":74,"column":1}},"line":70},"4":{"name":"(anonymous_4)","decl":{"start":{"line":80,"column":8},"end":{"line":80,"column":9}},"loc":{"start":{"line":80,"column":39},"end":{"line":83,"column":1}},"line":80},"5":{"name":"(anonymous_5)","decl":{"start":{"line":85,"column":8},"end":{"line":85,"column":9}},"loc":{"start":{"line":85,"column":34},"end":{"line":89,"column":1}},"line":85},"6":{"name":"(anonymous_6)","decl":{"start":{"line":98,"column":15},"end":{"line":98,"column":16}},"loc":{"start":{"line":98,"column":21},"end":{"line":114,"column":1}},"line":98},"7":{"name":"(anonymous_7)","decl":{"start":{"line":100,"column":21},"end":{"line":100,"column":22}},"loc":{"start":{"line":100,"column":42},"end":{"line":113,"column":3}},"line":100},"8":{"name":"(anonymous_8)","decl":{"start":{"line":105,"column":33},"end":{"line":105,"column":34}},"loc":{"start":{"line":105,"column":39},"end":{"line":110,"column":5}},"line":105},"9":{"name":"(anonymous_9)","decl":{"start":{"line":106,"column":48},"end":{"line":106,"column":49}},"loc":{"start":{"line":106,"column":54},"end":{"line":109,"column":7}},"line":106},"10":{"name":"(anonymous_10)","decl":{"start":{"line":110,"column":13},"end":{"line":110,"column":14}},"loc":{"start":{"line":110,"column":22},"end":{"line":112,"column":5}},"line":110},"11":{"name":"(anonymous_11)","decl":{"start":{"line":116,"column":14},"end":{"line":116,"column":15}},"loc":{"start":{"line":116,"column":20},"end":{"line":128,"column":1}},"line":116},"12":{"name":"(anonymous_12)","decl":{"start":{"line":117,"column":21},"end":{"line":117,"column":22}},"loc":{"start":{"line":117,"column":42},"end":{"line":127,"column":3}},"line":117},"13":{"name":"(anonymous_13)","decl":{"start":{"line":119,"column":29},"end":{"line":119,"column":30}},"loc":{"start":{"line":119,"column":35},"end":{"line":126,"column":5}},"line":119},"14":{"name":"(anonymous_14)","decl":{"start":{"line":120,"column":23},"end":{"line":120,"column":24}},"loc":{"start":{"line":120,"column":29},"end":{"line":125,"column":7}},"line":120}},"branchMap":{"0":{"loc":{"start":{"line":14,"column":0},"end":{"line":16,"column":1}},"type":"if","locations":[{"start":{"line":14,"column":0},"end":{"line":16,"column":1}},{"start":{"line":14,"column":0},"end":{"line":16,"column":1}}],"line":14},"1":{"loc":{"start":{"line":14,"column":4},"end":{"line":14,"column":60}},"type":"binary-expr","locations":[{"start":{"line":14,"column":4},"end":{"line":14,"column":29}},{"start":{"line":14,"column":33},"end":{"line":14,"column":60}}],"line":14},"2":{"loc":{"start":{"line":102,"column":4},"end":{"line":102,"column":77}},"type":"if","locations":[{"start":{"line":102,"column":4},"end":{"line":102,"column":77}},{"start":{"line":102,"column":4},"end":{"line":102,"column":77}}],"line":102},"3":{"loc":{"start":{"line":118,"column":4},"end":{"line":118,"column":79}},"type":"if","locations":[{"start":{"line":118,"column":4},"end":{"line":118,"column":79}},{"start":{"line":118,"column":4},"end":{"line":118,"column":79}}],"line":118}},"s":{"0":1,"1":1,"2":1,"3":1,"4":1,"5":1,"6":1,"7":1,"8":1,"9":1,"10":1,"11":1,"12":0,"13":1,"14":1,"15":1,"16":1,"17":1,"18":1,"19":1,"20":1,"21":0,"22":1,"23":0,"24":0,"25":1,"26":0,"27":0,"28":1,"29":0,"30":1,"31":1,"32":1,"33":1,"34":1,"35":1,"36":0,"37":0,"38":0,"39":1,"40":1,"41":1,"42":1,"43":1,"44":0,"45":1,"46":1,"47":1,"48":1,"49":1,"50":0,"51":1,"52":1,"53":1,"54":0,"55":1,"56":1,"57":1,"58":1,"59":1,"60":1,"61":1},"f":{"0":0,"1":0,"2":0,"3":0,"4":1,"5":0,"6":1,"7":1,"8":1,"9":1,"10":0,"11":1,"12":1,"13":1,"14":1},"b":{"0":[0,1],"1":[1,1],"2":[0,1],"3":[0,1]},"_coverageSchema":"332fd63041d2c1bcb487cc26dd0d5f7d97098a6c","hash":"29900c14a43f20182f0ec3cb95ea0254c8000997","contentHash":"9392a92024ae56a50e652cdec6ac4a87_11.6.0"},"C:\\Users\\axelcliffson\\Documents\\personal_projects\\poller\\poller-backend\\routes-api\\profile-routes.js":{"path":"C:\\Users\\axelcliffson\\Documents\\personal_projects\\poller\\poller-backend\\routes-api\\profile-routes.js","statementMap":{"0":{"start":{"line":1,"column":12},"end":{"line":12,"column":1}},"1":{"start":{"line":14,"column":19},"end":{"line":14,"column":40}},"2":{"start":{"line":15,"column":15},"end":{"line":15,"column":32}},"3":{"start":{"line":16,"column":16},"end":{"line":16,"column":49}},"4":{"start":{"line":18,"column":16},"end":{"line":18,"column":42}},"5":{"start":{"line":20,"column":0},"end":{"line":109,"column":2}},"6":{"start":{"line":22,"column":2},"end":{"line":55,"column":5}},"7":{"start":{"line":23,"column":4},"end":{"line":54,"column":5}},"8":{"start":{"line":24,"column":6},"end":{"line":24,"column":61}},"9":{"start":{"line":26,"column":18},"end":{"line":26,"column":43}},"10":{"start":{"line":27,"column":6},"end":{"line":53,"column":40}},"11":{"start":{"line":28,"column":8},"end":{"line":52,"column":9}},"12":{"start":{"line":29,"column":10},"end":{"line":40,"column":13}},"13":{"start":{"line":30,"column":12},"end":{"line":30,"column":49}},"14":{"start":{"line":30,"column":21},"end":{"line":30,"column":49}},"15":{"start":{"line":31,"column":12},"end":{"line":39,"column":13}},"16":{"start":{"line":32,"column":14},"end":{"line":32,"column":54}},"17":{"start":{"line":33,"column":14},"end":{"line":36,"column":48}},"18":{"start":{"line":34,"column":34},"end":{"line":34,"column":82}},"19":{"start":{"line":35,"column":16},"end":{"line":35,"column":38}},"20":{"start":{"line":36,"column":30},"end":{"line":36,"column":46}},"21":{"start":{"line":38,"column":14},"end":{"line":38,"column":78}},"22":{"start":{"line":42,"column":10},"end":{"line":51,"column":13}},"23":{"start":{"line":43,"column":12},"end":{"line":43,"column":93}},"24":{"start":{"line":43,"column":21},"end":{"line":43,"column":93}},"25":{"start":{"line":44,"column":12},"end":{"line":50,"column":13}},"26":{"start":{"line":45,"column":14},"end":{"line":45,"column":63}},"27":{"start":{"line":46,"column":32},"end":{"line":46,"column":80}},"28":{"start":{"line":47,"column":14},"end":{"line":47,"column":36}},"29":{"start":{"line":49,"column":14},"end":{"line":49,"column":86}},"30":{"start":{"line":53,"column":22},"end":{"line":53,"column":38}},"31":{"start":{"line":57,"column":2},"end":{"line":89,"column":5}},"32":{"start":{"line":58,"column":4},"end":{"line":58,"column":41}},"33":{"start":{"line":59,"column":4},"end":{"line":88,"column":5}},"34":{"start":{"line":60,"column":6},"end":{"line":60,"column":61}},"35":{"start":{"line":62,"column":32},"end":{"line":62,"column":40}},"36":{"start":{"line":63,"column":24},"end":{"line":63,"column":72}},"37":{"start":{"line":64,"column":18},"end":{"line":64,"column":43}},"38":{"start":{"line":65,"column":6},"end":{"line":87,"column":48}},"39":{"start":{"line":66,"column":8},"end":{"line":86,"column":9}},"40":{"start":{"line":67,"column":10},"end":{"line":67,"column":103}},"41":{"start":{"line":69,"column":10},"end":{"line":85,"column":13}},"42":{"start":{"line":78,"column":12},"end":{"line":78,"column":49}},"43":{"start":{"line":78,"column":21},"end":{"line":78,"column":49}},"44":{"start":{"line":79,"column":12},"end":{"line":84,"column":13}},"45":{"start":{"line":80,"column":32},"end":{"line":80,"column":80}},"46":{"start":{"line":81,"column":14},"end":{"line":81,"column":36}},"47":{"start":{"line":83,"column":14},"end":{"line":83,"column":86}},"48":{"start":{"line":87,"column":22},"end":{"line":87,"column":46}},"49":{"start":{"line":91,"column":2},"end":{"line":108,"column":5}},"50":{"start":{"line":92,"column":4},"end":{"line":107,"column":5}},"51":{"start":{"line":93,"column":6},"end":{"line":93,"column":61}},"52":{"start":{"line":96,"column":6},"end":{"line":106,"column":9}},"53":{"start":{"line":98,"column":8},"end":{"line":98,"column":45}},"54":{"start":{"line":98,"column":17},"end":{"line":98,"column":45}},"55":{"start":{"line":99,"column":8},"end":{"line":105,"column":9}},"56":{"start":{"line":100,"column":10},"end":{"line":100,"column":108}},"57":{"start":{"line":101,"column":10},"end":{"line":101,"column":53}},"58":{"start":{"line":103,"column":10},"end":{"line":103,"column":27}},"59":{"start":{"line":104,"column":10},"end":{"line":104,"column":82}}},"fnMap":{"0":{"name":"(anonymous_0)","decl":{"start":{"line":20,"column":17},"end":{"line":20,"column":18}},"loc":{"start":{"line":20,"column":44},"end":{"line":109,"column":1}},"line":20},"1":{"name":"(anonymous_1)","decl":{"start":{"line":22,"column":33},"end":{"line":22,"column":34}},"loc":{"start":{"line":22,"column":47},"end":{"line":55,"column":3}},"line":22},"2":{"name":"(anonymous_2)","decl":{"start":{"line":27,"column":34},"end":{"line":27,"column":35}},"loc":{"start":{"line":27,"column":42},"end":{"line":53,"column":7}},"line":27},"3":{"name":"(anonymous_3)","decl":{"start":{"line":29,"column":79},"end":{"line":29,"column":80}},"loc":{"start":{"line":29,"column":103},"end":{"line":40,"column":11}},"line":29},"4":{"name":"(anonymous_4)","decl":{"start":{"line":33,"column":82},"end":{"line":33,"column":83}},"loc":{"start":{"line":33,"column":90},"end":{"line":36,"column":15}},"line":33},"5":{"name":"(anonymous_5)","decl":{"start":{"line":36,"column":23},"end":{"line":36,"column":24}},"loc":{"start":{"line":36,"column":30},"end":{"line":36,"column":46}},"line":36},"6":{"name":"(anonymous_6)","decl":{"start":{"line":42,"column":90},"end":{"line":42,"column":91}},"loc":{"start":{"line":42,"column":114},"end":{"line":51,"column":11}},"line":42},"7":{"name":"(anonymous_7)","decl":{"start":{"line":53,"column":15},"end":{"line":53,"column":16}},"loc":{"start":{"line":53,"column":22},"end":{"line":53,"column":38}},"line":53},"8":{"name":"(anonymous_8)","decl":{"start":{"line":57,"column":33},"end":{"line":57,"column":34}},"loc":{"start":{"line":57,"column":47},"end":{"line":89,"column":3}},"line":57},"9":{"name":"(anonymous_9)","decl":{"start":{"line":65,"column":34},"end":{"line":65,"column":35}},"loc":{"start":{"line":65,"column":42},"end":{"line":87,"column":7}},"line":65},"10":{"name":"(anonymous_10)","decl":{"start":{"line":77,"column":230},"end":{"line":77,"column":231}},"loc":{"start":{"line":77,"column":254},"end":{"line":85,"column":11}},"line":77},"11":{"name":"(anonymous_11)","decl":{"start":{"line":87,"column":15},"end":{"line":87,"column":16}},"loc":{"start":{"line":87,"column":22},"end":{"line":87,"column":46}},"line":87},"12":{"name":"(anonymous_12)","decl":{"start":{"line":91,"column":36},"end":{"line":91,"column":37}},"loc":{"start":{"line":91,"column":50},"end":{"line":108,"column":3}},"line":91},"13":{"name":"(anonymous_13)","decl":{"start":{"line":97,"column":32},"end":{"line":97,"column":33}},"loc":{"start":{"line":97,"column":56},"end":{"line":106,"column":7}},"line":97}},"branchMap":{"0":{"loc":{"start":{"line":4,"column":22},"end":{"line":4,"column":88}},"type":"binary-expr","locations":[{"start":{"line":4,"column":22},"end":{"line":4,"column":52}},{"start":{"line":4,"column":56},"end":{"line":4,"column":88}}],"line":4},"1":{"loc":{"start":{"line":23,"column":4},"end":{"line":54,"column":5}},"type":"if","locations":[{"start":{"line":23,"column":4},"end":{"line":54,"column":5}},{"start":{"line":23,"column":4},"end":{"line":54,"column":5}}],"line":23},"2":{"loc":{"start":{"line":28,"column":8},"end":{"line":52,"column":9}},"type":"if","locations":[{"start":{"line":28,"column":8},"end":{"line":52,"column":9}},{"start":{"line":28,"column":8},"end":{"line":52,"column":9}}],"line":28},"3":{"loc":{"start":{"line":30,"column":12},"end":{"line":30,"column":49}},"type":"if","locations":[{"start":{"line":30,"column":12},"end":{"line":30,"column":49}},{"start":{"line":30,"column":12},"end":{"line":30,"column":49}}],"line":30},"4":{"loc":{"start":{"line":31,"column":12},"end":{"line":39,"column":13}},"type":"if","locations":[{"start":{"line":31,"column":12},"end":{"line":39,"column":13}},{"start":{"line":31,"column":12},"end":{"line":39,"column":13}}],"line":31},"5":{"loc":{"start":{"line":43,"column":12},"end":{"line":43,"column":93}},"type":"if","locations":[{"start":{"line":43,"column":12},"end":{"line":43,"column":93}},{"start":{"line":43,"column":12},"end":{"line":43,"column":93}}],"line":43},"6":{"loc":{"start":{"line":44,"column":12},"end":{"line":50,"column":13}},"type":"if","locations":[{"start":{"line":44,"column":12},"end":{"line":50,"column":13}},{"start":{"line":44,"column":12},"end":{"line":50,"column":13}}],"line":44},"7":{"loc":{"start":{"line":59,"column":4},"end":{"line":88,"column":5}},"type":"if","locations":[{"start":{"line":59,"column":4},"end":{"line":88,"column":5}},{"start":{"line":59,"column":4},"end":{"line":88,"column":5}}],"line":59},"8":{"loc":{"start":{"line":66,"column":8},"end":{"line":86,"column":9}},"type":"if","locations":[{"start":{"line":66,"column":8},"end":{"line":86,"column":9}},{"start":{"line":66,"column":8},"end":{"line":86,"column":9}}],"line":66},"9":{"loc":{"start":{"line":78,"column":12},"end":{"line":78,"column":49}},"type":"if","locations":[{"start":{"line":78,"column":12},"end":{"line":78,"column":49}},{"start":{"line":78,"column":12},"end":{"line":78,"column":49}}],"line":78},"10":{"loc":{"start":{"line":79,"column":12},"end":{"line":84,"column":13}},"type":"if","locations":[{"start":{"line":79,"column":12},"end":{"line":84,"column":13}},{"start":{"line":79,"column":12},"end":{"line":84,"column":13}}],"line":79},"11":{"loc":{"start":{"line":92,"column":4},"end":{"line":107,"column":5}},"type":"if","locations":[{"start":{"line":92,"column":4},"end":{"line":107,"column":5}},{"start":{"line":92,"column":4},"end":{"line":107,"column":5}}],"line":92},"12":{"loc":{"start":{"line":98,"column":8},"end":{"line":98,"column":45}},"type":"if","locations":[{"start":{"line":98,"column":8},"end":{"line":98,"column":45}},{"start":{"line":98,"column":8},"end":{"line":98,"column":45}}],"line":98},"13":{"loc":{"start":{"line":99,"column":8},"end":{"line":105,"column":9}},"type":"if","locations":[{"start":{"line":99,"column":8},"end":{"line":105,"column":9}},{"start":{"line":99,"column":8},"end":{"line":105,"column":9}}],"line":99}},"s":{"0":1,"1":1,"2":1,"3":1,"4":1,"5":1,"6":1,"7":0,"8":0,"9":0,"10":0,"11":0,"12":0,"13":0,"14":0,"15":0,"16":0,"17":0,"18":0,"19":0,"20":0,"21":0,"22":0,"23":0,"24":0,"25":0,"26":0,"27":0,"28":0,"29":0,"30":0,"31":1,"32":0,"33":0,"34":0,"35":0,"36":0,"37":0,"38":0,"39":0,"40":0,"41":0,"42":0,"43":0,"44":0,"45":0,"46":0,"47":0,"48":0,"49":1,"50":0,"51":0,"52":0,"53":0,"54":0,"55":0,"56":0,"57":0,"58":0,"59":0},"f":{"0":1,"1":0,"2":0,"3":0,"4":0,"5":0,"6":0,"7":0,"8":0,"9":0,"10":0,"11":0,"12":0,"13":0},"b":{"0":[1,0],"1":[0,0],"2":[0,0],"3":[0,0],"4":[0,0],"5":[0,0],"6":[0,0],"7":[0,0],"8":[0,0],"9":[0,0],"10":[0,0],"11":[0,0],"12":[0,0],"13":[0,0]},"_coverageSchema":"332fd63041d2c1bcb487cc26dd0d5f7d97098a6c","hash":"a644cf0a02d46e595c4900b361c2327de1742100","contentHash":"aeb40b93f8bbbaa7e4699d267756d28d_11.6.0"},"C:\\Users\\axelcliffson\\Documents\\personal_projects\\poller\\poller-backend\\lib\\profile-methods.js":{"path":"C:\\Users\\axelcliffson\\Documents\\personal_projects\\poller\\poller-backend\\lib\\profile-methods.js","statementMap":{"0":{"start":{"line":1,"column":15},"end":{"line":1,"column":32}},"1":{"start":{"line":2,"column":19},"end":{"line":2,"column":40}},"2":{"start":{"line":4,"column":16},"end":{"line":4,"column":18}},"3":{"start":{"line":6,"column":0},"end":{"line":15,"column":2}},"4":{"start":{"line":7,"column":66},"end":{"line":7,"column":81}},"5":{"start":{"line":8,"column":16},"end":{"line":8,"column":92}},"6":{"start":{"line":9,"column":2},"end":{"line":13,"column":3}},"7":{"start":{"line":10,"column":4},"end":{"line":12,"column":5}},"8":{"start":{"line":11,"column":6},"end":{"line":11,"column":24}},"9":{"start":{"line":14,"column":2},"end":{"line":14,"column":17}},"10":{"start":{"line":17,"column":0},"end":{"line":23,"column":2}},"11":{"start":{"line":18,"column":2},"end":{"line":18,"column":28}},"12":{"start":{"line":19,"column":66},"end":{"line":19,"column":70}},"13":{"start":{"line":20,"column":37},"end":{"line":20,"column":48}},"14":{"start":{"line":21,"column":24},"end":{"line":21,"column":126}},"15":{"start":{"line":22,"column":2},"end":{"line":22,"column":25}},"16":{"start":{"line":25,"column":0},"end":{"line":29,"column":2}},"17":{"start":{"line":26,"column":2},"end":{"line":28,"column":45}},"18":{"start":{"line":27,"column":4},"end":{"line":27,"column":25}},"19":{"start":{"line":28,"column":18},"end":{"line":28,"column":43}},"20":{"start":{"line":31,"column":0},"end":{"line":44,"column":2}},"21":{"start":{"line":32,"column":2},"end":{"line":43,"column":5}},"22":{"start":{"line":33,"column":4},"end":{"line":40,"column":5}},"23":{"start":{"line":34,"column":20},"end":{"line":34,"column":40}},"24":{"start":{"line":37,"column":6},"end":{"line":37,"column":21}},"25":{"start":{"line":39,"column":6},"end":{"line":39,"column":72}},"26":{"start":{"line":42,"column":4},"end":{"line":42,"column":70}},"27":{"start":{"line":46,"column":0},"end":{"line":46,"column":25}}},"fnMap":{"0":{"name":"(anonymous_0)","decl":{"start":{"line":6,"column":30},"end":{"line":6,"column":31}},"loc":{"start":{"line":6,"column":57},"end":{"line":15,"column":1}},"line":6},"1":{"name":"(anonymous_1)","decl":{"start":{"line":17,"column":28},"end":{"line":17,"column":29}},"loc":{"start":{"line":17,"column":57},"end":{"line":23,"column":1}},"line":17},"2":{"name":"(anonymous_2)","decl":{"start":{"line":25,"column":18},"end":{"line":25,"column":19}},"loc":{"start":{"line":25,"column":35},"end":{"line":29,"column":1}},"line":25},"3":{"name":"(anonymous_3)","decl":{"start":{"line":26,"column":179},"end":{"line":26,"column":180}},"loc":{"start":{"line":26,"column":191},"end":{"line":28,"column":3}},"line":26},"4":{"name":"(anonymous_4)","decl":{"start":{"line":28,"column":11},"end":{"line":28,"column":12}},"loc":{"start":{"line":28,"column":18},"end":{"line":28,"column":43}},"line":28},"5":{"name":"(anonymous_5)","decl":{"start":{"line":31,"column":17},"end":{"line":31,"column":18}},"loc":{"start":{"line":31,"column":45},"end":{"line":44,"column":1}},"line":31},"6":{"name":"(anonymous_6)","decl":{"start":{"line":32,"column":368},"end":{"line":32,"column":369}},"loc":{"start":{"line":32,"column":375},"end":{"line":41,"column":3}},"line":32},"7":{"name":"(anonymous_7)","decl":{"start":{"line":41,"column":11},"end":{"line":41,"column":12}},"loc":{"start":{"line":41,"column":18},"end":{"line":43,"column":3}},"line":41}},"branchMap":{"0":{"loc":{"start":{"line":10,"column":4},"end":{"line":12,"column":5}},"type":"if","locations":[{"start":{"line":10,"column":4},"end":{"line":12,"column":5}},{"start":{"line":10,"column":4},"end":{"line":12,"column":5}}],"line":10}},"s":{"0":1,"1":1,"2":1,"3":1,"4":0,"5":0,"6":0,"7":0,"8":0,"9":0,"10":1,"11":0,"12":0,"13":0,"14":0,"15":0,"16":1,"17":0,"18":0,"19":0,"20":1,"21":0,"22":0,"23":0,"24":0,"25":0,"26":0,"27":1},"f":{"0":0,"1":0,"2":0,"3":0,"4":0,"5":0,"6":0,"7":0},"b":{"0":[0,0]},"_coverageSchema":"332fd63041d2c1bcb487cc26dd0d5f7d97098a6c","hash":"583a3d792ccaae7066844eabb67de1183b3ef5eb","contentHash":"47812c0c2d4d7bc6cefd198977ee8b95_11.6.0"},"C:\\Users\\axelcliffson\\Documents\\personal_projects\\poller\\poller-backend\\queries\\auth.js":{"path":"C:\\Users\\axelcliffson\\Documents\\personal_projects\\poller\\poller-backend\\queries\\auth.js","statementMap":{"0":{"start":{"line":3,"column":16},"end":{"line":3,"column":18}},"1":{"start":{"line":5,"column":0},"end":{"line":5,"column":24}},"2":{"start":{"line":7,"column":0},"end":{"line":7,"column":81}},"3":{"start":{"line":7,"column":24},"end":{"line":7,"column":80}},"4":{"start":{"line":9,"column":0},"end":{"line":9,"column":25}}},"fnMap":{"0":{"name":"(anonymous_0)","decl":{"start":{"line":7,"column":18},"end":{"line":7,"column":19}},"loc":{"start":{"line":7,"column":24},"end":{"line":7,"column":80}},"line":7}},"branchMap":{},"s":{"0":1,"1":1,"2":1,"3":0,"4":1},"f":{"0":0},"b":{},"_coverageSchema":"332fd63041d2c1bcb487cc26dd0d5f7d97098a6c","hash":"ef478499998cd1a2d71a5987df5278ec46bf3de5","contentHash":"ef529285713b028515aae5ecc6ae71a4_11.6.0"},"C:\\Users\\axelcliffson\\Documents\\personal_projects\\poller\\poller-backend\\routes-api\\poll-routes.js":{"path":"C:\\Users\\axelcliffson\\Documents\\personal_projects\\poller\\poller-backend\\routes-api\\poll-routes.js","statementMap":{"0":{"start":{"line":1,"column":12},"end":{"line":12,"column":1}},"1":{"start":{"line":14,"column":19},"end":{"line":14,"column":40}},"2":{"start":{"line":15,"column":15},"end":{"line":15,"column":32}},"3":{"start":{"line":16,"column":13},"end":{"line":16,"column":43}},"4":{"start":{"line":17,"column":16},"end":{"line":17,"column":49}},"5":{"start":{"line":18,"column":16},"end":{"line":18,"column":42}},"6":{"start":{"line":20,"column":0},"end":{"line":126,"column":2}},"7":{"start":{"line":22,"column":2},"end":{"line":37,"column":5}},"8":{"start":{"line":23,"column":4},"end":{"line":36,"column":5}},"9":{"start":{"line":24,"column":6},"end":{"line":24,"column":70}},"10":{"start":{"line":26,"column":6},"end":{"line":26,"column":48}},"11":{"start":{"line":27,"column":18},"end":{"line":27,"column":43}},"12":{"start":{"line":28,"column":6},"end":{"line":32,"column":48}},"13":{"start":{"line":29,"column":28},"end":{"line":29,"column":32}},"14":{"start":{"line":31,"column":8},"end":{"line":31,"column":31}},"15":{"start":{"line":32,"column":22},"end":{"line":32,"column":46}},"16":{"start":{"line":39,"column":2},"end":{"line":72,"column":5}},"17":{"start":{"line":40,"column":4},"end":{"line":71,"column":5}},"18":{"start":{"line":41,"column":6},"end":{"line":41,"column":61}},"19":{"start":{"line":43,"column":18},"end":{"line":43,"column":43}},"20":{"start":{"line":44,"column":6},"end":{"line":70,"column":40}},"21":{"start":{"line":45,"column":8},"end":{"line":69,"column":9}},"22":{"start":{"line":46,"column":10},"end":{"line":57,"column":13}},"23":{"start":{"line":47,"column":12},"end":{"line":47,"column":49}},"24":{"start":{"line":47,"column":21},"end":{"line":47,"column":49}},"25":{"start":{"line":48,"column":12},"end":{"line":56,"column":13}},"26":{"start":{"line":49,"column":14},"end":{"line":49,"column":54}},"27":{"start":{"line":50,"column":14},"end":{"line":53,"column":48}},"28":{"start":{"line":51,"column":34},"end":{"line":51,"column":82}},"29":{"start":{"line":52,"column":16},"end":{"line":52,"column":38}},"30":{"start":{"line":53,"column":30},"end":{"line":53,"column":46}},"31":{"start":{"line":55,"column":14},"end":{"line":55,"column":78}},"32":{"start":{"line":59,"column":10},"end":{"line":68,"column":13}},"33":{"start":{"line":60,"column":12},"end":{"line":60,"column":93}},"34":{"start":{"line":60,"column":21},"end":{"line":60,"column":93}},"35":{"start":{"line":61,"column":12},"end":{"line":67,"column":13}},"36":{"start":{"line":62,"column":14},"end":{"line":62,"column":63}},"37":{"start":{"line":63,"column":32},"end":{"line":63,"column":80}},"38":{"start":{"line":64,"column":14},"end":{"line":64,"column":36}},"39":{"start":{"line":66,"column":14},"end":{"line":66,"column":86}},"40":{"start":{"line":70,"column":22},"end":{"line":70,"column":38}},"41":{"start":{"line":74,"column":2},"end":{"line":106,"column":5}},"42":{"start":{"line":75,"column":4},"end":{"line":75,"column":41}},"43":{"start":{"line":76,"column":4},"end":{"line":105,"column":5}},"44":{"start":{"line":77,"column":6},"end":{"line":77,"column":61}},"45":{"start":{"line":79,"column":32},"end":{"line":79,"column":40}},"46":{"start":{"line":80,"column":24},"end":{"line":80,"column":72}},"47":{"start":{"line":81,"column":18},"end":{"line":81,"column":43}},"48":{"start":{"line":82,"column":6},"end":{"line":104,"column":48}},"49":{"start":{"line":83,"column":8},"end":{"line":103,"column":9}},"50":{"start":{"line":84,"column":10},"end":{"line":84,"column":103}},"51":{"start":{"line":86,"column":10},"end":{"line":102,"column":13}},"52":{"start":{"line":95,"column":12},"end":{"line":95,"column":49}},"53":{"start":{"line":95,"column":21},"end":{"line":95,"column":49}},"54":{"start":{"line":96,"column":12},"end":{"line":101,"column":13}},"55":{"start":{"line":97,"column":32},"end":{"line":97,"column":80}},"56":{"start":{"line":98,"column":14},"end":{"line":98,"column":36}},"57":{"start":{"line":100,"column":14},"end":{"line":100,"column":86}},"58":{"start":{"line":104,"column":22},"end":{"line":104,"column":46}},"59":{"start":{"line":108,"column":2},"end":{"line":125,"column":5}},"60":{"start":{"line":109,"column":4},"end":{"line":124,"column":5}},"61":{"start":{"line":110,"column":6},"end":{"line":110,"column":61}},"62":{"start":{"line":113,"column":6},"end":{"line":123,"column":9}},"63":{"start":{"line":115,"column":8},"end":{"line":115,"column":45}},"64":{"start":{"line":115,"column":17},"end":{"line":115,"column":45}},"65":{"start":{"line":116,"column":8},"end":{"line":122,"column":9}},"66":{"start":{"line":117,"column":10},"end":{"line":117,"column":108}},"67":{"start":{"line":118,"column":10},"end":{"line":118,"column":53}},"68":{"start":{"line":120,"column":10},"end":{"line":120,"column":27}},"69":{"start":{"line":121,"column":10},"end":{"line":121,"column":82}}},"fnMap":{"0":{"name":"(anonymous_0)","decl":{"start":{"line":20,"column":17},"end":{"line":20,"column":18}},"loc":{"start":{"line":20,"column":44},"end":{"line":126,"column":1}},"line":20},"1":{"name":"(anonymous_1)","decl":{"start":{"line":22,"column":34},"end":{"line":22,"column":35}},"loc":{"start":{"line":22,"column":48},"end":{"line":37,"column":3}},"line":22},"2":{"name":"(anonymous_2)","decl":{"start":{"line":28,"column":43},"end":{"line":28,"column":44}},"loc":{"start":{"line":28,"column":51},"end":{"line":32,"column":7}},"line":28},"3":{"name":"(anonymous_3)","decl":{"start":{"line":32,"column":15},"end":{"line":32,"column":16}},"loc":{"start":{"line":32,"column":22},"end":{"line":32,"column":46}},"line":32},"4":{"name":"(anonymous_4)","decl":{"start":{"line":39,"column":33},"end":{"line":39,"column":34}},"loc":{"start":{"line":39,"column":47},"end":{"line":72,"column":3}},"line":39},"5":{"name":"(anonymous_5)","decl":{"start":{"line":44,"column":34},"end":{"line":44,"column":35}},"loc":{"start":{"line":44,"column":42},"end":{"line":70,"column":7}},"line":44},"6":{"name":"(anonymous_6)","decl":{"start":{"line":46,"column":79},"end":{"line":46,"column":80}},"loc":{"start":{"line":46,"column":103},"end":{"line":57,"column":11}},"line":46},"7":{"name":"(anonymous_7)","decl":{"start":{"line":50,"column":82},"end":{"line":50,"column":83}},"loc":{"start":{"line":50,"column":90},"end":{"line":53,"column":15}},"line":50},"8":{"name":"(anonymous_8)","decl":{"start":{"line":53,"column":23},"end":{"line":53,"column":24}},"loc":{"start":{"line":53,"column":30},"end":{"line":53,"column":46}},"line":53},"9":{"name":"(anonymous_9)","decl":{"start":{"line":59,"column":90},"end":{"line":59,"column":91}},"loc":{"start":{"line":59,"column":114},"end":{"line":68,"column":11}},"line":59},"10":{"name":"(anonymous_10)","decl":{"start":{"line":70,"column":15},"end":{"line":70,"column":16}},"loc":{"start":{"line":70,"column":22},"end":{"line":70,"column":38}},"line":70},"11":{"name":"(anonymous_11)","decl":{"start":{"line":74,"column":33},"end":{"line":74,"column":34}},"loc":{"start":{"line":74,"column":47},"end":{"line":106,"column":3}},"line":74},"12":{"name":"(anonymous_12)","decl":{"start":{"line":82,"column":34},"end":{"line":82,"column":35}},"loc":{"start":{"line":82,"column":42},"end":{"line":104,"column":7}},"line":82},"13":{"name":"(anonymous_13)","decl":{"start":{"line":94,"column":230},"end":{"line":94,"column":231}},"loc":{"start":{"line":94,"column":254},"end":{"line":102,"column":11}},"line":94},"14":{"name":"(anonymous_14)","decl":{"start":{"line":104,"column":15},"end":{"line":104,"column":16}},"loc":{"start":{"line":104,"column":22},"end":{"line":104,"column":46}},"line":104},"15":{"name":"(anonymous_15)","decl":{"start":{"line":108,"column":36},"end":{"line":108,"column":37}},"loc":{"start":{"line":108,"column":50},"end":{"line":125,"column":3}},"line":108},"16":{"name":"(anonymous_16)","decl":{"start":{"line":114,"column":32},"end":{"line":114,"column":33}},"loc":{"start":{"line":114,"column":56},"end":{"line":123,"column":7}},"line":114}},"branchMap":{"0":{"loc":{"start":{"line":4,"column":22},"end":{"line":4,"column":88}},"type":"binary-expr","locations":[{"start":{"line":4,"column":22},"end":{"line":4,"column":52}},{"start":{"line":4,"column":56},"end":{"line":4,"column":88}}],"line":4},"1":{"loc":{"start":{"line":23,"column":4},"end":{"line":36,"column":5}},"type":"if","locations":[{"start":{"line":23,"column":4},"end":{"line":36,"column":5}},{"start":{"line":23,"column":4},"end":{"line":36,"column":5}}],"line":23},"2":{"loc":{"start":{"line":23,"column":8},"end":{"line":23,"column":47}},"type":"binary-expr","locations":[{"start":{"line":23,"column":8},"end":{"line":23,"column":34}},{"start":{"line":23,"column":38},"end":{"line":23,"column":47}}],"line":23},"3":{"loc":{"start":{"line":40,"column":4},"end":{"line":71,"column":5}},"type":"if","locations":[{"start":{"line":40,"column":4},"end":{"line":71,"column":5}},{"start":{"line":40,"column":4},"end":{"line":71,"column":5}}],"line":40},"4":{"loc":{"start":{"line":45,"column":8},"end":{"line":69,"column":9}},"type":"if","locations":[{"start":{"line":45,"column":8},"end":{"line":69,"column":9}},{"start":{"line":45,"column":8},"end":{"line":69,"column":9}}],"line":45},"5":{"loc":{"start":{"line":47,"column":12},"end":{"line":47,"column":49}},"type":"if","locations":[{"start":{"line":47,"column":12},"end":{"line":47,"column":49}},{"start":{"line":47,"column":12},"end":{"line":47,"column":49}}],"line":47},"6":{"loc":{"start":{"line":48,"column":12},"end":{"line":56,"column":13}},"type":"if","locations":[{"start":{"line":48,"column":12},"end":{"line":56,"column":13}},{"start":{"line":48,"column":12},"end":{"line":56,"column":13}}],"line":48},"7":{"loc":{"start":{"line":60,"column":12},"end":{"line":60,"column":93}},"type":"if","locations":[{"start":{"line":60,"column":12},"end":{"line":60,"column":93}},{"start":{"line":60,"column":12},"end":{"line":60,"column":93}}],"line":60},"8":{"loc":{"start":{"line":61,"column":12},"end":{"line":67,"column":13}},"type":"if","locations":[{"start":{"line":61,"column":12},"end":{"line":67,"column":13}},{"start":{"line":61,"column":12},"end":{"line":67,"column":13}}],"line":61},"9":{"loc":{"start":{"line":76,"column":4},"end":{"line":105,"column":5}},"type":"if","locations":[{"start":{"line":76,"column":4},"end":{"line":105,"column":5}},{"start":{"line":76,"column":4},"end":{"line":105,"column":5}}],"line":76},"10":{"loc":{"start":{"line":83,"column":8},"end":{"line":103,"column":9}},"type":"if","locations":[{"start":{"line":83,"column":8},"end":{"line":103,"column":9}},{"start":{"line":83,"column":8},"end":{"line":103,"column":9}}],"line":83},"11":{"loc":{"start":{"line":95,"column":12},"end":{"line":95,"column":49}},"type":"if","locations":[{"start":{"line":95,"column":12},"end":{"line":95,"column":49}},{"start":{"line":95,"column":12},"end":{"line":95,"column":49}}],"line":95},"12":{"loc":{"start":{"line":96,"column":12},"end":{"line":101,"column":13}},"type":"if","locations":[{"start":{"line":96,"column":12},"end":{"line":101,"column":13}},{"start":{"line":96,"column":12},"end":{"line":101,"column":13}}],"line":96},"13":{"loc":{"start":{"line":109,"column":4},"end":{"line":124,"column":5}},"type":"if","locations":[{"start":{"line":109,"column":4},"end":{"line":124,"column":5}},{"start":{"line":109,"column":4},"end":{"line":124,"column":5}}],"line":109},"14":{"loc":{"start":{"line":115,"column":8},"end":{"line":115,"column":45}},"type":"if","locations":[{"start":{"line":115,"column":8},"end":{"line":115,"column":45}},{"start":{"line":115,"column":8},"end":{"line":115,"column":45}}],"line":115},"15":{"loc":{"start":{"line":116,"column":8},"end":{"line":122,"column":9}},"type":"if","locations":[{"start":{"line":116,"column":8},"end":{"line":122,"column":9}},{"start":{"line":116,"column":8},"end":{"line":122,"column":9}}],"line":116}},"s":{"0":1,"1":1,"2":1,"3":1,"4":1,"5":1,"6":1,"7":1,"8":1,"9":0,"10":1,"11":1,"12":1,"13":0,"14":0,"15":0,"16":1,"17":0,"18":0,"19":0,"20":0,"21":0,"22":0,"23":0,"24":0,"25":0,"26":0,"27":0,"28":0,"29":0,"30":0,"31":0,"32":0,"33":0,"34":0,"35":0,"36":0,"37":0,"38":0,"39":0,"40":0,"41":1,"42":0,"43":0,"44":0,"45":0,"46":0,"47":0,"48":0,"49":0,"50":0,"51":0,"52":0,"53":0,"54":0,"55":0,"56":0,"57":0,"58":0,"59":1,"60":0,"61":0,"62":0,"63":0,"64":0,"65":0,"66":0,"67":0,"68":0,"69":0},"f":{"0":1,"1":1,"2":0,"3":0,"4":0,"5":0,"6":0,"7":0,"8":0,"9":0,"10":0,"11":0,"12":0,"13":0,"14":0,"15":0,"16":0},"b":{"0":[1,0],"1":[0,1],"2":[1,1],"3":[0,0],"4":[0,0],"5":[0,0],"6":[0,0],"7":[0,0],"8":[0,0],"9":[0,0],"10":[0,0],"11":[0,0],"12":[0,0],"13":[0,0],"14":[0,0],"15":[0,0]},"_coverageSchema":"332fd63041d2c1bcb487cc26dd0d5f7d97098a6c","hash":"a457b83f239030c143bf074eeb96f2c4fa6067a5","contentHash":"9aaee51d046b12f9f3ab4b588003cf9d_11.6.0"},"C:\\Users\\axelcliffson\\Documents\\personal_projects\\poller\\poller-backend\\lib\\poll-methods.js":{"path":"C:\\Users\\axelcliffson\\Documents\\personal_projects\\poller\\poller-backend\\lib\\poll-methods.js","statementMap":{"0":{"start":{"line":1,"column":15},"end":{"line":1,"column":32}},"1":{"start":{"line":2,"column":19},"end":{"line":2,"column":40}},"2":{"start":{"line":4,"column":13},"end":{"line":4,"column":15}},"3":{"start":{"line":6,"column":0},"end":{"line":20,"column":2}},"4":{"start":{"line":7,"column":48},"end":{"line":7,"column":60}},"5":{"start":{"line":8,"column":13},"end":{"line":8,"column":71}},"6":{"start":{"line":9,"column":2},"end":{"line":9,"column":40}},"7":{"start":{"line":10,"column":2},"end":{"line":12,"column":3}},"8":{"start":{"line":11,"column":4},"end":{"line":11,"column":80}},"9":{"start":{"line":13,"column":2},"end":{"line":15,"column":3}},"10":{"start":{"line":14,"column":4},"end":{"line":14,"column":79}},"11":{"start":{"line":16,"column":2},"end":{"line":18,"column":3}},"12":{"start":{"line":17,"column":4},"end":{"line":17,"column":80}},"13":{"start":{"line":19,"column":2},"end":{"line":19,"column":14}},"14":{"start":{"line":22,"column":0},"end":{"line":28,"column":2}},"15":{"start":{"line":23,"column":2},"end":{"line":23,"column":28}},"16":{"start":{"line":24,"column":66},"end":{"line":24,"column":70}},"17":{"start":{"line":25,"column":37},"end":{"line":25,"column":45}},"18":{"start":{"line":26,"column":21},"end":{"line":26,"column":123}},"19":{"start":{"line":27,"column":2},"end":{"line":27,"column":22}},"20":{"start":{"line":30,"column":0},"end":{"line":34,"column":2}},"21":{"start":{"line":31,"column":2},"end":{"line":33,"column":45}},"22":{"start":{"line":32,"column":4},"end":{"line":32,"column":25}},"23":{"start":{"line":33,"column":18},"end":{"line":33,"column":43}},"24":{"start":{"line":36,"column":0},"end":{"line":49,"column":2}},"25":{"start":{"line":37,"column":2},"end":{"line":48,"column":5}},"26":{"start":{"line":38,"column":4},"end":{"line":45,"column":5}},"27":{"start":{"line":39,"column":20},"end":{"line":39,"column":40}},"28":{"start":{"line":42,"column":6},"end":{"line":42,"column":21}},"29":{"start":{"line":44,"column":6},"end":{"line":44,"column":72}},"30":{"start":{"line":47,"column":4},"end":{"line":47,"column":70}},"31":{"start":{"line":51,"column":0},"end":{"line":51,"column":22}}},"fnMap":{"0":{"name":"(anonymous_0)","decl":{"start":{"line":6,"column":24},"end":{"line":6,"column":25}},"loc":{"start":{"line":6,"column":48},"end":{"line":20,"column":1}},"line":6},"1":{"name":"(anonymous_1)","decl":{"start":{"line":22,"column":22},"end":{"line":22,"column":23}},"loc":{"start":{"line":22,"column":48},"end":{"line":28,"column":1}},"line":22},"2":{"name":"(anonymous_2)","decl":{"start":{"line":30,"column":15},"end":{"line":30,"column":16}},"loc":{"start":{"line":30,"column":32},"end":{"line":34,"column":1}},"line":30},"3":{"name":"(anonymous_3)","decl":{"start":{"line":31,"column":176},"end":{"line":31,"column":177}},"loc":{"start":{"line":31,"column":188},"end":{"line":33,"column":3}},"line":31},"4":{"name":"(anonymous_4)","decl":{"start":{"line":33,"column":11},"end":{"line":33,"column":12}},"loc":{"start":{"line":33,"column":18},"end":{"line":33,"column":43}},"line":33},"5":{"name":"(anonymous_5)","decl":{"start":{"line":36,"column":14},"end":{"line":36,"column":15}},"loc":{"start":{"line":36,"column":42},"end":{"line":49,"column":1}},"line":36},"6":{"name":"(anonymous_6)","decl":{"start":{"line":37,"column":365},"end":{"line":37,"column":366}},"loc":{"start":{"line":37,"column":372},"end":{"line":46,"column":3}},"line":37},"7":{"name":"(anonymous_7)","decl":{"start":{"line":46,"column":11},"end":{"line":46,"column":12}},"loc":{"start":{"line":46,"column":18},"end":{"line":48,"column":3}},"line":46}},"branchMap":{"0":{"loc":{"start":{"line":10,"column":2},"end":{"line":12,"column":3}},"type":"if","locations":[{"start":{"line":10,"column":2},"end":{"line":12,"column":3}},{"start":{"line":10,"column":2},"end":{"line":12,"column":3}}],"line":10},"1":{"loc":{"start":{"line":10,"column":6},"end":{"line":10,"column":89}},"type":"binary-expr","locations":[{"start":{"line":10,"column":6},"end":{"line":10,"column":20}},{"start":{"line":10,"column":24},"end":{"line":10,"column":49}},{"start":{"line":10,"column":53},"end":{"line":10,"column":89}}],"line":10},"2":{"loc":{"start":{"line":13,"column":2},"end":{"line":15,"column":3}},"type":"if","locations":[{"start":{"line":13,"column":2},"end":{"line":15,"column":3}},{"start":{"line":13,"column":2},"end":{"line":15,"column":3}}],"line":13},"3":{"loc":{"start":{"line":13,"column":6},"end":{"line":13,"column":94}},"type":"binary-expr","locations":[{"start":{"line":13,"column":6},"end":{"line":13,"column":23}},{"start":{"line":13,"column":27},"end":{"line":13,"column":54}},{"start":{"line":13,"column":58},"end":{"line":13,"column":94}}],"line":13},"4":{"loc":{"start":{"line":16,"column":2},"end":{"line":18,"column":3}},"type":"if","locations":[{"start":{"line":16,"column":2},"end":{"line":18,"column":3}},{"start":{"line":16,"column":2},"end":{"line":18,"column":3}}],"line":16},"5":{"loc":{"start":{"line":16,"column":6},"end":{"line":16,"column":98}},"type":"binary-expr","locations":[{"start":{"line":16,"column":6},"end":{"line":16,"column":24}},{"start":{"line":16,"column":28},"end":{"line":16,"column":57}},{"start":{"line":16,"column":61},"end":{"line":16,"column":98}}],"line":16}},"s":{"0":1,"1":1,"2":1,"3":1,"4":1,"5":1,"6":1,"7":1,"8":0,"9":1,"10":1,"11":0,"12":0,"13":0,"14":1,"15":0,"16":0,"17":0,"18":0,"19":0,"20":1,"21":0,"22":0,"23":0,"24":1,"25":0,"26":0,"27":0,"28":0,"29":0,"30":0,"31":1},"f":{"0":1,"1":0,"2":0,"3":0,"4":0,"5":0,"6":0,"7":0},"b":{"0":[0,1],"1":[1,1,1],"2":[1,0],"3":[1,1,0],"4":[0,0],"5":[0,0,0]},"_coverageSchema":"332fd63041d2c1bcb487cc26dd0d5f7d97098a6c","hash":"00afa09eb483273d3f23d05467f60d98412dd329","contentHash":"97f375284ba4de008ab494a4a0dcce6b_11.6.0"}}